Arguments: 
  /Users/droyer/.nvm/versions/node/v8.7.0/bin/node /Users/droyer/.yarn/bin/yarn.js

PATH: 
  /Users/droyer/.yarn/bin:/Users/droyer/.nvm/versions/node/v8.7.0/bin:/users/droyer/go/bin:/usr/local/bin:/usr/bin:/bin:/usr/sbin:/sbin

Yarn version: 
  1.5.1

Node version: 
  8.7.0

Platform: 
  darwin x64

npm manifest: 
  {
    "name": "nuxtstrap",
    "version": "0.0.11",
    "description": "My super Nuxt.js project",
    "author": "David Royer",
    "private": true,
    "scripts": {
      "dev": "nuxt",
      "build": "nuxt build",
      "start": "nuxt start",
      "generate": "nuxt generate"
    },
    "dependencies": {
      "@nuxtjs/auth": "^4.2.0",
      "@nuxtjs/axios": "^5.3.1",
      "bootstrap": "^4.0.0-beta.2",
      "bootstrap-vue": "^2.0.0-rc.8",
      "nuxt": "^1.0.0"
    },
    "devDependencies": {
      "cross-env": "^5.0.1",
      "node-sass": "^4.8.3",
      "sass-loader": "^7.0.1"
    }
  }

yarn manifest: 
  No manifest

Lockfile: 
  No lockfile

Trace: 
  Error: Found incompatible module
      at new MessageError (/Users/droyer/.yarn/lib/cli.js:186:110)
      at checkOne (/Users/droyer/.yarn/lib/cli.js:62444:11)
      at Object.check (/Users/droyer/.yarn/lib/cli.js:62463:5)
      at /Users/droyer/.yarn/lib/cli.js:22803:73
      at Generator.next (<anonymous>)
      at step (/Users/droyer/.yarn/lib/cli.js:98:30)
      at /Users/droyer/.yarn/lib/cli.js:109:13
      at <anonymous>
